Processed /work/richlab/aliciarich/ont_reads/loris_microbiome/trimmed/hdz3//hdz-041-s53.fastq
Processed /work/richlab/aliciarich/ont_reads/loris_microbiome/trimmed/hdz3//hdz-045-s49.fastq
Processed /work/richlab/aliciarich/ont_reads/loris_microbiome/trimmed/hdz3//hdz-046-s48.fastq
Processed /work/richlab/aliciarich/ont_reads/loris_microbiome/trimmed/hdz3//hdz-051-s54.fastq
Processed /work/richlab/aliciarich/ont_reads/loris_microbiome/trimmed/hdz3//hdz-052-s50.fastq
Processed /work/richlab/aliciarich/ont_reads/loris_microbiome/trimmed/hdz3//hdz-058-s63.fastq
Processed /work/richlab/aliciarich/ont_reads/loris_microbiome/trimmed/hdz3//hdz-089-s64.fastq
Processed /work/richlab/aliciarich/ont_reads/loris_microbiome/trimmed/hdz3//hdz-093-s65.fastq
Processed /work/richlab/aliciarich/ont_reads/loris_microbiome/trimmed/hdz3//hdz-094-s66.fastq
Processed /work/richlab/aliciarich/ont_reads/loris_microbiome/trimmed/hdz3//hdz-101-s57.fastq
Processed /work/richlab/aliciarich/ont_reads/loris_microbiome/trimmed/hdz3//hdz-104-s69.fastq
Processed /work/richlab/aliciarich/ont_reads/loris_microbiome/trimmed/hdz3//hdz-107-s55.fastq
Processed /work/richlab/aliciarich/ont_reads/loris_microbiome/trimmed/hdz3//hdz-108-s60.fastq
Processed /work/richlab/aliciarich/ont_reads/loris_microbiome/trimmed/hdz3//hdz-155-s67.fastq
Processed /work/richlab/aliciarich/ont_reads/loris_microbiome/trimmed/hdz3//hdz-156-s68.fastq
Processed /work/richlab/aliciarich/ont_reads/loris_microbiome/trimmed/hdz3//hdz-168-s58.fastq
Processed /work/richlab/aliciarich/ont_reads/loris_microbiome/trimmed/hdz3//hdz-175-s61.fastq
Processed /work/richlab/aliciarich/ont_reads/loris_microbiome/trimmed/hdz3//hdz-176-s51.fastq
Processed /work/richlab/aliciarich/ont_reads/loris_microbiome/trimmed/hdz3//hdz-177-s47.fastq
Processed /work/richlab/aliciarich/ont_reads/loris_microbiome/trimmed/hdz3//hdz-182-s52.fastq
Processed /work/richlab/aliciarich/ont_reads/loris_microbiome/trimmed/hdz3//hdz-188-s62.fastq
Processed /work/richlab/aliciarich/ont_reads/loris_microbiome/trimmed/hdz3//hdz-190-s59.fastq
Processed /work/richlab/aliciarich/ont_reads/loris_microbiome/trimmed/hdz3//hdz-191-s56.fastq
Processed /work/richlab/aliciarich/ont_reads/loris_microbiome/trimmed/hdz3//pl-ntc-003-ctrl.fastq
Processed /work/richlab/aliciarich/ont_reads/loris_microbiome/trimmed/hdz3//unclassified.fastq
Organized /work/richlab/aliciarich/ont_reads/loris_microbiome/filtered/hdz3//hdz-041-s53.fastq
Organized /work/richlab/aliciarich/ont_reads/loris_microbiome/filtered/hdz3//hdz-045-s49.fastq
Organized /work/richlab/aliciarich/ont_reads/loris_microbiome/filtered/hdz3//hdz-046-s48.fastq
Organized /work/richlab/aliciarich/ont_reads/loris_microbiome/filtered/hdz3//hdz-051-s54.fastq
Organized /work/richlab/aliciarich/ont_reads/loris_microbiome/filtered/hdz3//hdz-052-s50.fastq
Organized /work/richlab/aliciarich/ont_reads/loris_microbiome/filtered/hdz3//hdz-058-s63.fastq
Organized /work/richlab/aliciarich/ont_reads/loris_microbiome/filtered/hdz3//hdz-089-s64.fastq
Organized /work/richlab/aliciarich/ont_reads/loris_microbiome/filtered/hdz3//hdz-093-s65.fastq
Organized /work/richlab/aliciarich/ont_reads/loris_microbiome/filtered/hdz3//hdz-094-s66.fastq
Organized /work/richlab/aliciarich/ont_reads/loris_microbiome/filtered/hdz3//hdz-101-s57.fastq
Organized /work/richlab/aliciarich/ont_reads/loris_microbiome/filtered/hdz3//hdz-104-s69.fastq
Organized /work/richlab/aliciarich/ont_reads/loris_microbiome/filtered/hdz3//hdz-107-s55.fastq
Organized /work/richlab/aliciarich/ont_reads/loris_microbiome/filtered/hdz3//hdz-108-s60.fastq
Organized /work/richlab/aliciarich/ont_reads/loris_microbiome/filtered/hdz3//hdz-155-s67.fastq
Organized /work/richlab/aliciarich/ont_reads/loris_microbiome/filtered/hdz3//hdz-156-s68.fastq
Organized /work/richlab/aliciarich/ont_reads/loris_microbiome/filtered/hdz3//hdz-168-s58.fastq
Organized /work/richlab/aliciarich/ont_reads/loris_microbiome/filtered/hdz3//hdz-175-s61.fastq
Organized /work/richlab/aliciarich/ont_reads/loris_microbiome/filtered/hdz3//hdz-176-s51.fastq
Organized /work/richlab/aliciarich/ont_reads/loris_microbiome/filtered/hdz3//hdz-177-s47.fastq
Organized /work/richlab/aliciarich/ont_reads/loris_microbiome/filtered/hdz3//hdz-182-s52.fastq
Organized /work/richlab/aliciarich/ont_reads/loris_microbiome/filtered/hdz3//hdz-188-s62.fastq
Organized /work/richlab/aliciarich/ont_reads/loris_microbiome/filtered/hdz3//hdz-190-s59.fastq
Organized /work/richlab/aliciarich/ont_reads/loris_microbiome/filtered/hdz3//hdz-191-s56.fastq
Organized /work/richlab/aliciarich/ont_reads/loris_microbiome/filtered/hdz3//pl-ntc-003-ctrl.fastq
Organized /work/richlab/aliciarich/ont_reads/loris_microbiome/filtered/hdz3//unclassified.fastq
