Processed /work/richlab/aliciarich/ont_reads/loris_microbiome/trimmed/hdz4//hdz-060-s80.fastq
Processed /work/richlab/aliciarich/ont_reads/loris_microbiome/trimmed/hdz4//hdz-071-s79.fastq
Processed /work/richlab/aliciarich/ont_reads/loris_microbiome/trimmed/hdz4//hdz-085-s92.fastq
Processed /work/richlab/aliciarich/ont_reads/loris_microbiome/trimmed/hdz4//hdz-087-s78.fastq
Processed /work/richlab/aliciarich/ont_reads/loris_microbiome/trimmed/hdz4//hdz-097-s91.fastq
Processed /work/richlab/aliciarich/ont_reads/loris_microbiome/trimmed/hdz4//hdz-099-s72.fastq
Processed /work/richlab/aliciarich/ont_reads/loris_microbiome/trimmed/hdz4//hdz-106-s83.fastq
Processed /work/richlab/aliciarich/ont_reads/loris_microbiome/trimmed/hdz4//hdz-161-s77.fastq
Processed /work/richlab/aliciarich/ont_reads/loris_microbiome/trimmed/hdz4//hdz-163-s82.fastq
Processed /work/richlab/aliciarich/ont_reads/loris_microbiome/trimmed/hdz4//hdz-181-s74.fastq
Processed /work/richlab/aliciarich/ont_reads/loris_microbiome/trimmed/hdz4//hdz-183-s84.fastq
Processed /work/richlab/aliciarich/ont_reads/loris_microbiome/trimmed/hdz4//hdz-186-s73.fastq
Processed /work/richlab/aliciarich/ont_reads/loris_microbiome/trimmed/hdz4//hdz-187-s71.fastq
Processed /work/richlab/aliciarich/ont_reads/loris_microbiome/trimmed/hdz4//hdz-192-s75.fastq
Processed /work/richlab/aliciarich/ont_reads/loris_microbiome/trimmed/hdz4//hdz-193-s70.fastq
Processed /work/richlab/aliciarich/ont_reads/loris_microbiome/trimmed/hdz4//hdz-194-s87.fastq
Processed /work/richlab/aliciarich/ont_reads/loris_microbiome/trimmed/hdz4//hdz-196-s76.fastq
Processed /work/richlab/aliciarich/ont_reads/loris_microbiome/trimmed/hdz4//hdz-198-s88.fastq
Processed /work/richlab/aliciarich/ont_reads/loris_microbiome/trimmed/hdz4//hdz-199-s86.fastq
Processed /work/richlab/aliciarich/ont_reads/loris_microbiome/trimmed/hdz4//hdz-217-s89.fastq
Processed /work/richlab/aliciarich/ont_reads/loris_microbiome/trimmed/hdz4//hdz-219-s81.fastq
Processed /work/richlab/aliciarich/ont_reads/loris_microbiome/trimmed/hdz4//hdz-220-s85.fastq
Processed /work/richlab/aliciarich/ont_reads/loris_microbiome/trimmed/hdz4//hdz-221-s90.fastq
Processed /work/richlab/aliciarich/ont_reads/loris_microbiome/trimmed/hdz4//pl-ntc-004-ctrl.fastq
Processed /work/richlab/aliciarich/ont_reads/loris_microbiome/trimmed/hdz4//unclassified.fastq
Organized /work/richlab/aliciarich/ont_reads/loris_microbiome/filtered/hdz4//hdz-060-s80.fastq
Organized /work/richlab/aliciarich/ont_reads/loris_microbiome/filtered/hdz4//hdz-071-s79.fastq
Organized /work/richlab/aliciarich/ont_reads/loris_microbiome/filtered/hdz4//hdz-085-s92.fastq
Organized /work/richlab/aliciarich/ont_reads/loris_microbiome/filtered/hdz4//hdz-087-s78.fastq
Organized /work/richlab/aliciarich/ont_reads/loris_microbiome/filtered/hdz4//hdz-097-s91.fastq
Organized /work/richlab/aliciarich/ont_reads/loris_microbiome/filtered/hdz4//hdz-099-s72.fastq
Organized /work/richlab/aliciarich/ont_reads/loris_microbiome/filtered/hdz4//hdz-106-s83.fastq
Organized /work/richlab/aliciarich/ont_reads/loris_microbiome/filtered/hdz4//hdz-161-s77.fastq
Organized /work/richlab/aliciarich/ont_reads/loris_microbiome/filtered/hdz4//hdz-163-s82.fastq
Organized /work/richlab/aliciarich/ont_reads/loris_microbiome/filtered/hdz4//hdz-181-s74.fastq
Organized /work/richlab/aliciarich/ont_reads/loris_microbiome/filtered/hdz4//hdz-183-s84.fastq
Organized /work/richlab/aliciarich/ont_reads/loris_microbiome/filtered/hdz4//hdz-186-s73.fastq
Organized /work/richlab/aliciarich/ont_reads/loris_microbiome/filtered/hdz4//hdz-187-s71.fastq
Organized /work/richlab/aliciarich/ont_reads/loris_microbiome/filtered/hdz4//hdz-192-s75.fastq
Organized /work/richlab/aliciarich/ont_reads/loris_microbiome/filtered/hdz4//hdz-193-s70.fastq
Organized /work/richlab/aliciarich/ont_reads/loris_microbiome/filtered/hdz4//hdz-194-s87.fastq
Organized /work/richlab/aliciarich/ont_reads/loris_microbiome/filtered/hdz4//hdz-196-s76.fastq
Organized /work/richlab/aliciarich/ont_reads/loris_microbiome/filtered/hdz4//hdz-198-s88.fastq
Organized /work/richlab/aliciarich/ont_reads/loris_microbiome/filtered/hdz4//hdz-199-s86.fastq
Organized /work/richlab/aliciarich/ont_reads/loris_microbiome/filtered/hdz4//hdz-217-s89.fastq
Organized /work/richlab/aliciarich/ont_reads/loris_microbiome/filtered/hdz4//hdz-219-s81.fastq
Organized /work/richlab/aliciarich/ont_reads/loris_microbiome/filtered/hdz4//hdz-220-s85.fastq
Organized /work/richlab/aliciarich/ont_reads/loris_microbiome/filtered/hdz4//hdz-221-s90.fastq
Organized /work/richlab/aliciarich/ont_reads/loris_microbiome/filtered/hdz4//pl-ntc-004-ctrl.fastq
Organized /work/richlab/aliciarich/ont_reads/loris_microbiome/filtered/hdz4//unclassified.fastq
