Processed /work/richlab/aliciarich/ont_reads/loris_microbiome/trimmed/hdz1//hdz-004-s3.fastq
Processed /work/richlab/aliciarich/ont_reads/loris_microbiome/trimmed/hdz1//hdz-005-s11.fastq
Processed /work/richlab/aliciarich/ont_reads/loris_microbiome/trimmed/hdz1//hdz-010-s23.fastq
Processed /work/richlab/aliciarich/ont_reads/loris_microbiome/trimmed/hdz1//hdz-011-s10.fastq
Processed /work/richlab/aliciarich/ont_reads/loris_microbiome/trimmed/hdz1//hdz-013-s8.fastq
Processed /work/richlab/aliciarich/ont_reads/loris_microbiome/trimmed/hdz1//hdz-014-s18.fastq
Processed /work/richlab/aliciarich/ont_reads/loris_microbiome/trimmed/hdz1//hdz-016-s21.fastq
Processed /work/richlab/aliciarich/ont_reads/loris_microbiome/trimmed/hdz1//hdz-019-s13.fastq
Processed /work/richlab/aliciarich/ont_reads/loris_microbiome/trimmed/hdz1//hdz-020-s12.fastq
Processed /work/richlab/aliciarich/ont_reads/loris_microbiome/trimmed/hdz1//hdz-021-s7.fastq
Processed /work/richlab/aliciarich/ont_reads/loris_microbiome/trimmed/hdz1//hdz-023-s20.fastq
Processed /work/richlab/aliciarich/ont_reads/loris_microbiome/trimmed/hdz1//hdz-024-s19.fastq
Processed /work/richlab/aliciarich/ont_reads/loris_microbiome/trimmed/hdz1//hdz-025-s17.fastq
Processed /work/richlab/aliciarich/ont_reads/loris_microbiome/trimmed/hdz1//hdz-026-s15.fastq
Processed /work/richlab/aliciarich/ont_reads/loris_microbiome/trimmed/hdz1//hdz-028-s16.fastq
Processed /work/richlab/aliciarich/ont_reads/loris_microbiome/trimmed/hdz1//hdz-029-s14.fastq
Processed /work/richlab/aliciarich/ont_reads/loris_microbiome/trimmed/hdz1//hdz-030-s6.fastq
Processed /work/richlab/aliciarich/ont_reads/loris_microbiome/trimmed/hdz1//hdz-055-s22.fastq
Processed /work/richlab/aliciarich/ont_reads/loris_microbiome/trimmed/hdz1//hdz-063-s1.fastq
Processed /work/richlab/aliciarich/ont_reads/loris_microbiome/trimmed/hdz1//hdz-064-s2.fastq
Processed /work/richlab/aliciarich/ont_reads/loris_microbiome/trimmed/hdz1//hdz-065-s4.fastq
Processed /work/richlab/aliciarich/ont_reads/loris_microbiome/trimmed/hdz1//hdz-066-s5.fastq
Processed /work/richlab/aliciarich/ont_reads/loris_microbiome/trimmed/hdz1//hdz-067-s9.fastq
Processed /work/richlab/aliciarich/ont_reads/loris_microbiome/trimmed/hdz1//pl-ntc-001-ctrl.fastq
Processed /work/richlab/aliciarich/ont_reads/loris_microbiome/trimmed/hdz1//unclassified.fastq
Organized /work/richlab/aliciarich/ont_reads/loris_microbiome/filtered/hdz1//hdz-004-s3.fastq
Organized /work/richlab/aliciarich/ont_reads/loris_microbiome/filtered/hdz1//hdz-005-s11.fastq
Organized /work/richlab/aliciarich/ont_reads/loris_microbiome/filtered/hdz1//hdz-010-s23.fastq
Organized /work/richlab/aliciarich/ont_reads/loris_microbiome/filtered/hdz1//hdz-011-s10.fastq
Organized /work/richlab/aliciarich/ont_reads/loris_microbiome/filtered/hdz1//hdz-013-s8.fastq
Organized /work/richlab/aliciarich/ont_reads/loris_microbiome/filtered/hdz1//hdz-014-s18.fastq
Organized /work/richlab/aliciarich/ont_reads/loris_microbiome/filtered/hdz1//hdz-016-s21.fastq
Organized /work/richlab/aliciarich/ont_reads/loris_microbiome/filtered/hdz1//hdz-019-s13.fastq
Organized /work/richlab/aliciarich/ont_reads/loris_microbiome/filtered/hdz1//hdz-020-s12.fastq
Organized /work/richlab/aliciarich/ont_reads/loris_microbiome/filtered/hdz1//hdz-021-s7.fastq
Organized /work/richlab/aliciarich/ont_reads/loris_microbiome/filtered/hdz1//hdz-023-s20.fastq
Organized /work/richlab/aliciarich/ont_reads/loris_microbiome/filtered/hdz1//hdz-024-s19.fastq
Organized /work/richlab/aliciarich/ont_reads/loris_microbiome/filtered/hdz1//hdz-025-s17.fastq
Organized /work/richlab/aliciarich/ont_reads/loris_microbiome/filtered/hdz1//hdz-026-s15.fastq
Organized /work/richlab/aliciarich/ont_reads/loris_microbiome/filtered/hdz1//hdz-028-s16.fastq
Organized /work/richlab/aliciarich/ont_reads/loris_microbiome/filtered/hdz1//hdz-029-s14.fastq
Organized /work/richlab/aliciarich/ont_reads/loris_microbiome/filtered/hdz1//hdz-030-s6.fastq
Organized /work/richlab/aliciarich/ont_reads/loris_microbiome/filtered/hdz1//hdz-055-s22.fastq
Organized /work/richlab/aliciarich/ont_reads/loris_microbiome/filtered/hdz1//hdz-063-s1.fastq
Organized /work/richlab/aliciarich/ont_reads/loris_microbiome/filtered/hdz1//hdz-064-s2.fastq
Organized /work/richlab/aliciarich/ont_reads/loris_microbiome/filtered/hdz1//hdz-065-s4.fastq
Organized /work/richlab/aliciarich/ont_reads/loris_microbiome/filtered/hdz1//hdz-066-s5.fastq
Organized /work/richlab/aliciarich/ont_reads/loris_microbiome/filtered/hdz1//hdz-067-s9.fastq
Organized /work/richlab/aliciarich/ont_reads/loris_microbiome/filtered/hdz1//pl-ntc-001-ctrl.fastq
Organized /work/richlab/aliciarich/ont_reads/loris_microbiome/filtered/hdz1//unclassified.fastq
