Processed /work/richlab/aliciarich/ont_reads/loris_microbiome/trimmed/hdz2//hdz-015-s28.fastq
Processed /work/richlab/aliciarich/ont_reads/loris_microbiome/trimmed/hdz2//hdz-018-s30.fastq
Processed /work/richlab/aliciarich/ont_reads/loris_microbiome/trimmed/hdz2//hdz-022-s31.fastq
Processed /work/richlab/aliciarich/ont_reads/loris_microbiome/trimmed/hdz2//hdz-027-s32.fastq
Processed /work/richlab/aliciarich/ont_reads/loris_microbiome/trimmed/hdz2//hdz-028-s36.fastq
Processed /work/richlab/aliciarich/ont_reads/loris_microbiome/trimmed/hdz2//hdz-030-s37.fastq
Processed /work/richlab/aliciarich/ont_reads/loris_microbiome/trimmed/hdz2//hdz-032-s46.fastq
Processed /work/richlab/aliciarich/ont_reads/loris_microbiome/trimmed/hdz2//hdz-033-s43.fastq
Processed /work/richlab/aliciarich/ont_reads/loris_microbiome/trimmed/hdz2//hdz-034-s44.fastq
Processed /work/richlab/aliciarich/ont_reads/loris_microbiome/trimmed/hdz2//hdz-038-s45.fastq
Processed /work/richlab/aliciarich/ont_reads/loris_microbiome/trimmed/hdz2//hdz-039-s33.fastq
Processed /work/richlab/aliciarich/ont_reads/loris_microbiome/trimmed/hdz2//hdz-068-s26.fastq
Processed /work/richlab/aliciarich/ont_reads/loris_microbiome/trimmed/hdz2//hdz-070-s29.fastq
Processed /work/richlab/aliciarich/ont_reads/loris_microbiome/trimmed/hdz2//hdz-072-s34.fastq
Processed /work/richlab/aliciarich/ont_reads/loris_microbiome/trimmed/hdz2//hdz-076-s24.fastq
Processed /work/richlab/aliciarich/ont_reads/loris_microbiome/trimmed/hdz2//hdz-077-s38.fastq
Processed /work/richlab/aliciarich/ont_reads/loris_microbiome/trimmed/hdz2//hdz-078-s27.fastq
Processed /work/richlab/aliciarich/ont_reads/loris_microbiome/trimmed/hdz2//hdz-079-s25.fastq
Processed /work/richlab/aliciarich/ont_reads/loris_microbiome/trimmed/hdz2//hdz-081-s40.fastq
Processed /work/richlab/aliciarich/ont_reads/loris_microbiome/trimmed/hdz2//hdz-082-s41.fastq
Processed /work/richlab/aliciarich/ont_reads/loris_microbiome/trimmed/hdz2//hdz-083-s39.fastq
Processed /work/richlab/aliciarich/ont_reads/loris_microbiome/trimmed/hdz2//hdz-084-s35.fastq
Processed /work/richlab/aliciarich/ont_reads/loris_microbiome/trimmed/hdz2//hdz-086-s42.fastq
Processed /work/richlab/aliciarich/ont_reads/loris_microbiome/trimmed/hdz2//pl-ntc-002-ctrl.fastq
Processed /work/richlab/aliciarich/ont_reads/loris_microbiome/trimmed/hdz2//unclassified.fastq
Organized /work/richlab/aliciarich/ont_reads/loris_microbiome/filtered/hdz2//hdz-015-s28.fastq
Organized /work/richlab/aliciarich/ont_reads/loris_microbiome/filtered/hdz2//hdz-018-s30.fastq
Organized /work/richlab/aliciarich/ont_reads/loris_microbiome/filtered/hdz2//hdz-022-s31.fastq
Organized /work/richlab/aliciarich/ont_reads/loris_microbiome/filtered/hdz2//hdz-027-s32.fastq
Organized /work/richlab/aliciarich/ont_reads/loris_microbiome/filtered/hdz2//hdz-028-s36.fastq
Organized /work/richlab/aliciarich/ont_reads/loris_microbiome/filtered/hdz2//hdz-030-s37.fastq
Organized /work/richlab/aliciarich/ont_reads/loris_microbiome/filtered/hdz2//hdz-032-s46.fastq
Organized /work/richlab/aliciarich/ont_reads/loris_microbiome/filtered/hdz2//hdz-033-s43.fastq
Organized /work/richlab/aliciarich/ont_reads/loris_microbiome/filtered/hdz2//hdz-034-s44.fastq
Organized /work/richlab/aliciarich/ont_reads/loris_microbiome/filtered/hdz2//hdz-038-s45.fastq
Organized /work/richlab/aliciarich/ont_reads/loris_microbiome/filtered/hdz2//hdz-039-s33.fastq
Organized /work/richlab/aliciarich/ont_reads/loris_microbiome/filtered/hdz2//hdz-068-s26.fastq
Organized /work/richlab/aliciarich/ont_reads/loris_microbiome/filtered/hdz2//hdz-070-s29.fastq
Organized /work/richlab/aliciarich/ont_reads/loris_microbiome/filtered/hdz2//hdz-072-s34.fastq
Organized /work/richlab/aliciarich/ont_reads/loris_microbiome/filtered/hdz2//hdz-076-s24.fastq
Organized /work/richlab/aliciarich/ont_reads/loris_microbiome/filtered/hdz2//hdz-077-s38.fastq
Organized /work/richlab/aliciarich/ont_reads/loris_microbiome/filtered/hdz2//hdz-078-s27.fastq
Organized /work/richlab/aliciarich/ont_reads/loris_microbiome/filtered/hdz2//hdz-079-s25.fastq
Organized /work/richlab/aliciarich/ont_reads/loris_microbiome/filtered/hdz2//hdz-081-s40.fastq
Organized /work/richlab/aliciarich/ont_reads/loris_microbiome/filtered/hdz2//hdz-082-s41.fastq
Organized /work/richlab/aliciarich/ont_reads/loris_microbiome/filtered/hdz2//hdz-083-s39.fastq
Organized /work/richlab/aliciarich/ont_reads/loris_microbiome/filtered/hdz2//hdz-084-s35.fastq
Organized /work/richlab/aliciarich/ont_reads/loris_microbiome/filtered/hdz2//hdz-086-s42.fastq
Organized /work/richlab/aliciarich/ont_reads/loris_microbiome/filtered/hdz2//pl-ntc-002-ctrl.fastq
Organized /work/richlab/aliciarich/ont_reads/loris_microbiome/filtered/hdz2//unclassified.fastq
