
 N E X T F L O W   ~  version 24.04.3

NOTE: Your local project version looks outdated - a different revision is available in the remote repository [a20a5156b9]
Launching `https://github.com/epi2me-labs/wf-16s` [prickly_mcnulty] DSL2 - revision: c8e0b7f558 [master]

WARN: NEXTFLOW RECURSION IS A PREVIEW FEATURE - SYNTAX AND FUNCTIONALITY CAN CHANGE IN FUTURE RELEASES

||||||||||   _____ ____ ___ ____  __  __ _____      _       _
||||||||||  | ____|  _ \_ _|___ \|  \/  | ____|    | | __ _| |__  ___
|||||       |  _| | |_) | |  __) | |\/| |  _| _____| |/ _` | '_ \/ __|
|||||       | |___|  __/| | / __/| |  | | |__|_____| | (_| | |_) \__ \
||||||||||  |_____|_|  |___|_____|_|  |_|_____|    |_|\__,_|_.__/|___/
||||||||||  wf-16s v1.2.0-gc8e0b7f
--------------------------------------------------------------------------------
Core Nextflow options
  revision             : master
  runName              : prickly_mcnulty
  containerEngine      : singularity
  container            : [withLabel:wfmetagenomics:ontresearch/wf-metagenomics:sha44a6dacff5f2001d917b774647bb4cbc1b53bc76, withLabel:wf_common:ontresearch/wf-common:sha338caea0a2532dc0ea8f46638ccc322bb8f9af48]
  launchDir            : /lustre/work/richlab/aliciarich/bioinformatics_stats
  workDir              : /lustre/work/richlab/aliciarich/bioinformatics_stats/work
  projectDir           : /work/richlab/aliciarich/assets/epi2me-labs/wf-16s
  userName             : aliciarich
  profile              : singularity
  configFiles          : /work/richlab/aliciarich/assets/epi2me-labs/wf-16s/nextflow.config

Input Options
  fastq                : /work/richlab/aliciarich/ont_reads/loris_microbiome/filtered/hdz1/

Reference Options
  database_sets        : [ncbi_16s_18s:[reference:https://ont-exd-int-s3-euwst1-epi2me-labs.s3.amazonaws.com/wf-metagenomics/ncbi_16s_18s/ncbi_targeted_loci_16s_18s.fna, database:https://ont-exd-int-s3-euwst1-epi2me-labs.s3.amazonaws.com/wf-metagenomics/ncbi_16s_18s/ncbi_targeted_loci_kraken2.tar.gz, ref2taxid:https://ont-exd-int-s3-euwst1-epi2me-labs.s3.amazonaws.com/wf-metagenomics/ncbi_16s_18s/ref2taxid.targloci.tsv, taxonomy:https://ftp.ncbi.nlm.nih.gov/pub/taxonomy/taxdump_archive/taxdmp_2023-01-01.zip], ncbi_16s_18s_28s_ITS:[reference:https://ont-exd-int-s3-euwst1-epi2me-labs.s3.amazonaws.com/wf-metagenomics/ncbi_16s_18s_28s_ITS/ncbi_16s_18s_28s_ITS.fna, database:https://ont-exd-int-s3-euwst1-epi2me-labs.s3.amazonaws.com/wf-metagenomics/ncbi_16s_18s_28s_ITS/ncbi_16s_18s_28s_ITS_kraken2.tar.gz, ref2taxid:https://ont-exd-int-s3-euwst1-epi2me-labs.s3.amazonaws.com/wf-metagenomics/ncbi_16s_18s_28s_ITS/ref2taxid.ncbi_16s_18s_28s_ITS.tsv, taxonomy:https://ftp.ncbi.nlm.nih.gov/pub/taxonomy/taxdump_archive/taxdmp_2023-01-01.zip], SILVA_138_1:[database:null]]
  taxonomic_rank       : S

Minimap2 Options
  keep_bam             : true
  minimap2_by_reference: true
  min_percent_identity : 85
  min_ref_coverage     : 80

Report Options
  abundance_threshold  : 0
  n_taxa_barplot       : 12

Output Options
  out_dir              : ../bioinformatics_stats/data/loris/outputs_wf16s/hdz1/

Advanced Options
  min_len              : 1000
  min_read_qual        : 7
  threads              : 32

!! Only displaying parameters that differ from the pipeline defaults !!
--------------------------------------------------------------------------------
If you use epi2me-labs/wf-16s for your analysis please cite:

* The nf-core framework
  https://doi.org/10.1038/s41587-020-0439-x


--------------------------------------------------------------------------------
This is epi2me-labs/wf-16s v1.2.0-gc8e0b7f.
--------------------------------------------------------------------------------
Checking inputs.
Searching input for [.fastq, .fastq.gz, .fq, .fq.gz] files.
[-        ] fastcat -

[-        ] fastcat                        -
[-        ] pre…s:download_unpack_taxonomy -
[-        ] pre…wnload_reference_ref2taxid -
[-        ] min…ine:run_common:getVersions -
[-        ] min…eline:run_common:getParams -
[-        ] minimap_pipeline:minimap       -
[-        ] min…pipeline:getAlignmentStats -
[-        ] min…line:createAbundanceTables -
[-        ] minimap_pipeline:makeReport    -
[-        ] min…pipeline:filter_references -
[-        ] minimap_pipeline:configure_igv -
[-        ] min…ap_pipeline:output_results -
Note: Empty files or those files whose reads have been discarded after filtering based on read length and/or read quality will not appear in the report and will be excluded from subsequent analysis.
Minimap2 pipeline.
Preparing databases.
Using default taxonomy database.
Using a default database.

executor >  local (3)
[4b/304018] fastcat (2)                    | 0 of 24
[skipped  ] pre…s:download_unpack_taxonomy | 1 of 1, stored: 1 ✔
[skipped  ] pre…wnload_reference_ref2taxid | 1 of 1, stored: 1 ✔
[-        ] min…ine:run_common:getVersions | 0 of 1
[-        ] min…eline:run_common:getParams | 0 of 1
[-        ] minimap_pipeline:minimap       -
[-        ] min…pipeline:getAlignmentStats -
[-        ] min…line:createAbundanceTables -
[-        ] minimap_pipeline:makeReport    -
[-        ] min…pipeline:filter_references -
[-        ] minimap_pipeline:configure_igv -
[-        ] min…ap_pipeline:output_results -
Note: Empty files or those files whose reads have been discarded after filtering based on read length and/or read quality will not appear in the report and will be excluded from subsequent analysis.
Minimap2 pipeline.
Preparing databases.
Using default taxonomy database.
Using a default database.

executor >  local (9)
[27/d612d7] fastcat (5)                    | 0 of 24
[skipped  ] pre…s:download_unpack_taxonomy | 1 of 1, stored: 1 ✔
[skipped  ] pre…wnload_reference_ref2taxid | 1 of 1, stored: 1 ✔
[c5/cea4f3] min…ine:run_common:getVersions | 0 of 1
[dd/9c9c46] min…eline:run_common:getParams | 0 of 1
[-        ] minimap_pipeline:minimap       -
[-        ] min…pipeline:getAlignmentStats -
[-        ] min…line:createAbundanceTables -
[-        ] minimap_pipeline:makeReport    -
[-        ] min…pipeline:filter_references -
[-        ] minimap_pipeline:configure_igv -
[-        ] min…ap_pipeline:output_results -
Note: Empty files or those files whose reads have been discarded after filtering based on read length and/or read quality will not appear in the report and will be excluded from subsequent analysis.
Minimap2 pipeline.
Preparing databases.
Using default taxonomy database.
Using a default database.

executor >  local (9)
[27/d612d7] fastcat (5)                    | 0 of 24
[skipped  ] pre…s:download_unpack_taxonomy | 1 of 1, stored: 1 ✔
[skipped  ] pre…wnload_reference_ref2taxid | 1 of 1, stored: 1 ✔
[c5/cea4f3] min…ine:run_common:getVersions | 0 of 1
[dd/9c9c46] min…eline:run_common:getParams | 1 of 1 ✔
[-        ] minimap_pipeline:minimap       -
[-        ] min…pipeline:getAlignmentStats -
[-        ] min…line:createAbundanceTables -
[-        ] minimap_pipeline:makeReport    -
[-        ] min…pipeline:filter_references -
[-        ] minimap_pipeline:configure_igv -
[-        ] min…ap_pipeline:output_results | 0 of 1
Note: Empty files or those files whose reads have been discarded after filtering based on read length and/or read quality will not appear in the report and will be excluded from subsequent analysis.
Minimap2 pipeline.
Preparing databases.
Using default taxonomy database.
Using a default database.

executor >  local (12)
[27/d612d7] fastcat (5)                    | 2 of 24
[skipped  ] pre…s:download_unpack_taxonomy | 1 of 1, stored: 1 ✔
[skipped  ] pre…wnload_reference_ref2taxid | 1 of 1, stored: 1 ✔
[c5/cea4f3] min…ine:run_common:getVersions | 0 of 1
[dd/9c9c46] min…eline:run_common:getParams | 1 of 1 ✔
[-        ] minimap_pipeline:minimap       | 0 of 2
[-        ] min…pipeline:getAlignmentStats -
[-        ] min…line:createAbundanceTables -
[-        ] minimap_pipeline:makeReport    -
[-        ] min…pipeline:filter_references -
[-        ] minimap_pipeline:configure_igv -
[1d/01e2eb] min…ipeline:output_results (1) | 0 of 1
Note: Empty files or those files whose reads have been discarded after filtering based on read length and/or read quality will not appear in the report and will be excluded from subsequent analysis.
Minimap2 pipeline.
Preparing databases.
Using default taxonomy database.
Using a default database.

executor >  local (16)
[64/dd040a] fastcat (9)                    | 7 of 24
[skipped  ] pre…s:download_unpack_taxonomy | 1 of 1, stored: 1 ✔
[skipped  ] pre…wnload_reference_ref2taxid | 1 of 1, stored: 1 ✔
[c5/cea4f3] min…ine:run_common:getVersions | 0 of 1
[dd/9c9c46] min…eline:run_common:getParams | 1 of 1 ✔
[-        ] minimap_pipeline:minimap       | 0 of 4
[-        ] min…pipeline:getAlignmentStats -
[-        ] min…line:createAbundanceTables -
[-        ] minimap_pipeline:makeReport    -
[-        ] min…pipeline:filter_references -
[-        ] minimap_pipeline:configure_igv -
[1d/01e2eb] min…ipeline:output_results (1) | 0 of 1
Note: Empty files or those files whose reads have been discarded after filtering based on read length and/or read quality will not appear in the report and will be excluded from subsequent analysis.
Minimap2 pipeline.
Preparing databases.
Using default taxonomy database.
Using a default database.

executor >  local (17)
[20/80e1bc] fastcat (18)                   | 7 of 24
[skipped  ] pre…s:download_unpack_taxonomy | 1 of 1, stored: 1 ✔
[skipped  ] pre…wnload_reference_ref2taxid | 1 of 1, stored: 1 ✔
[c5/cea4f3] min…ine:run_common:getVersions | 0 of 1
[dd/9c9c46] min…eline:run_common:getParams | 1 of 1 ✔
[-        ] minimap_pipeline:minimap       | 0 of 7
[-        ] min…pipeline:getAlignmentStats -
[-        ] min…line:createAbundanceTables -
[-        ] minimap_pipeline:makeReport    -
[-        ] min…pipeline:filter_references -
[-        ] minimap_pipeline:configure_igv -
[1d/01e2eb] min…ipeline:output_results (1) | 1 of 1
Note: Empty files or those files whose reads have been discarded after filtering based on read length and/or read quality will not appear in the report and will be excluded from subsequent analysis.
Minimap2 pipeline.
Preparing databases.
Using default taxonomy database.
Using a default database.

executor >  local (18)
[f2/afff19] fastcat (4)                    | 8 of 24
[skipped  ] pre…s:download_unpack_taxonomy | 1 of 1, stored: 1 ✔
[skipped  ] pre…wnload_reference_ref2taxid | 1 of 1, stored: 1 ✔
[c5/cea4f3] min…ine:run_common:getVersions | 0 of 1
[dd/9c9c46] min…eline:run_common:getParams | 1 of 1 ✔
[-        ] minimap_pipeline:minimap       | 0 of 8
[-        ] min…pipeline:getAlignmentStats -
[-        ] min…line:createAbundanceTables -
[-        ] minimap_pipeline:makeReport    -
[-        ] min…pipeline:filter_references -
[-        ] minimap_pipeline:configure_igv -
[1d/01e2eb] min…ipeline:output_results (1) | 1 of 1
Note: Empty files or those files whose reads have been discarded after filtering based on read length and/or read quality will not appear in the report and will be excluded from subsequent analysis.
Minimap2 pipeline.
Preparing databases.
Using default taxonomy database.
Using a default database.

executor >  local (23)
[79/01eb3c] fastcat (21)                   | 13 of 24
[skipped  ] pre…s:download_unpack_taxonomy | 1 of 1, stored: 1 ✔
[skipped  ] pre…wnload_reference_ref2taxid | 1 of 1, stored: 1 ✔
[c5/cea4f3] min…ine:run_common:getVersions | 0 of 1
[dd/9c9c46] min…eline:run_common:getParams | 1 of 1 ✔
[-        ] minimap_pipeline:minimap       | 0 of 13
[-        ] min…pipeline:getAlignmentStats -
[-        ] min…line:createAbundanceTables -
[-        ] minimap_pipeline:makeReport    -
[-        ] min…pipeline:filter_references -
[-        ] minimap_pipeline:configure_igv -
[1d/01e2eb] min…ipeline:output_results (1) | 1 of 1
Note: Empty files or those files whose reads have been discarded after filtering based on read length and/or read quality will not appear in the report and will be excluded from subsequent analysis.
Minimap2 pipeline.
Preparing databases.
Using default taxonomy database.
Using a default database.

executor >  local (25)
[4b/0a61a2] fastcat (10)                   | 15 of 24
[skipped  ] pre…s:download_unpack_taxonomy | 1 of 1, stored: 1 ✔
[skipped  ] pre…wnload_reference_ref2taxid | 1 of 1, stored: 1 ✔
[c5/cea4f3] min…ine:run_common:getVersions | 0 of 1
[dd/9c9c46] min…eline:run_common:getParams | 1 of 1 ✔
[-        ] minimap_pipeline:minimap       | 0 of 15
[-        ] min…pipeline:getAlignmentStats -
[-        ] min…line:createAbundanceTables -
[-        ] minimap_pipeline:makeReport    -
[-        ] min…pipeline:filter_references -
[-        ] minimap_pipeline:configure_igv -
[1d/01e2eb] min…ipeline:output_results (1) | 1 of 1
Note: Empty files or those files whose reads have been discarded after filtering based on read length and/or read quality will not appear in the report and will be excluded from subsequent analysis.
Minimap2 pipeline.
Preparing databases.
Using default taxonomy database.
Using a default database.

executor >  local (27)
[c8/e8a0c3] fastcat (24)                   | 18 of 24
[skipped  ] pre…s:download_unpack_taxonomy | 1 of 1, stored: 1 ✔
[skipped  ] pre…wnload_reference_ref2taxid | 1 of 1, stored: 1 ✔
[c5/cea4f3] min…ine:run_common:getVersions | 0 of 1
[dd/9c9c46] min…eline:run_common:getParams | 1 of 1 ✔
[-        ] minimap_pipeline:minimap       | 0 of 18
[-        ] min…pipeline:getAlignmentStats -
[-        ] min…line:createAbundanceTables -
[-        ] minimap_pipeline:makeReport    -
[-        ] min…pipeline:filter_references -
[-        ] minimap_pipeline:configure_igv -
[1d/01e2eb] min…ipeline:output_results (1) | 1 of 1
Note: Empty files or those files whose reads have been discarded after filtering based on read length and/or read quality will not appear in the report and will be excluded from subsequent analysis.
Minimap2 pipeline.
Preparing databases.
Using default taxonomy database.
Using a default database.

executor >  local (27)
[dc/e76500] fastcat (7)                    | 20 of 24
[skipped  ] pre…s:download_unpack_taxonomy | 1 of 1, stored: 1 ✔
[skipped  ] pre…wnload_reference_ref2taxid | 1 of 1, stored: 1 ✔
[c5/cea4f3] min…ine:run_common:getVersions | 0 of 1
[dd/9c9c46] min…eline:run_common:getParams | 1 of 1 ✔
[-        ] minimap_pipeline:minimap       | 0 of 20
[-        ] min…pipeline:getAlignmentStats -
[-        ] min…line:createAbundanceTables -
[-        ] minimap_pipeline:makeReport    -
[-        ] min…pipeline:filter_references -
[-        ] minimap_pipeline:configure_igv -
[1d/01e2eb] min…ipeline:output_results (1) | 1 of 1
Note: Empty files or those files whose reads have been discarded after filtering based on read length and/or read quality will not appear in the report and will be excluded from subsequent analysis.
Minimap2 pipeline.
Preparing databases.
Using default taxonomy database.
Using a default database.

executor >  local (27)
[a2/ea9e0b] fastcat (23)                   | 21 of 24
[skipped  ] pre…s:download_unpack_taxonomy | 1 of 1, stored: 1 ✔
[skipped  ] pre…wnload_reference_ref2taxid | 1 of 1, stored: 1 ✔
[c5/cea4f3] min…ine:run_common:getVersions | 0 of 1
[dd/9c9c46] min…eline:run_common:getParams | 1 of 1 ✔
[-        ] minimap_pipeline:minimap       | 0 of 21
[-        ] min…pipeline:getAlignmentStats -
[-        ] min…line:createAbundanceTables -
[-        ] minimap_pipeline:makeReport    -
[-        ] min…pipeline:filter_references -
[-        ] minimap_pipeline:configure_igv -
[1d/01e2eb] min…ipeline:output_results (1) | 1 of 1
Note: Empty files or those files whose reads have been discarded after filtering based on read length and/or read quality will not appear in the report and will be excluded from subsequent analysis.
Minimap2 pipeline.
Preparing databases.
Using default taxonomy database.
Using a default database.

executor >  local (27)
[5b/5f7366] fastcat (14)                   | 22 of 24
[skipped  ] pre…s:download_unpack_taxonomy | 1 of 1, stored: 1 ✔
[skipped  ] pre…wnload_reference_ref2taxid | 1 of 1, stored: 1 ✔
[c5/cea4f3] min…ine:run_common:getVersions | 0 of 1
[dd/9c9c46] min…eline:run_common:getParams | 1 of 1 ✔
[-        ] minimap_pipeline:minimap       | 0 of 22
[-        ] min…pipeline:getAlignmentStats -
[-        ] min…line:createAbundanceTables -
[-        ] minimap_pipeline:makeReport    -
[-        ] min…pipeline:filter_references -
[-        ] minimap_pipeline:configure_igv -
[1d/01e2eb] min…ipeline:output_results (1) | 1 of 1
Note: Empty files or those files whose reads have been discarded after filtering based on read length and/or read quality will not appear in the report and will be excluded from subsequent analysis.
Minimap2 pipeline.
Preparing databases.
Using default taxonomy database.
Using a default database.

executor >  local (27)
[f2/a0a848] fastcat (20)                   | 24 of 24 ✔
[skipped  ] pre…s:download_unpack_taxonomy | 1 of 1, stored: 1 ✔
[skipped  ] pre…wnload_reference_ref2taxid | 1 of 1, stored: 1 ✔
[c5/cea4f3] min…ine:run_common:getVersions | 0 of 1
[dd/9c9c46] min…eline:run_common:getParams | 1 of 1 ✔
[-        ] minimap_pipeline:minimap       | 0 of 24
[-        ] min…pipeline:getAlignmentStats -
[-        ] min…line:createAbundanceTables -
[-        ] minimap_pipeline:makeReport    -
[-        ] min…pipeline:filter_references -
[-        ] minimap_pipeline:configure_igv -
[1d/01e2eb] min…ipeline:output_results (1) | 1 of 1
Note: Empty files or those files whose reads have been discarded after filtering based on read length and/or read quality will not appear in the report and will be excluded from subsequent analysis.
Minimap2 pipeline.
Preparing databases.
Using default taxonomy database.
Using a default database.

executor >  local (28)
[f2/a0a848] fastcat (20)                   | 24 of 24 ✔
[skipped  ] pre…s:download_unpack_taxonomy | 1 of 1, stored: 1 ✔
[skipped  ] pre…wnload_reference_ref2taxid | 1 of 1, stored: 1 ✔
[c5/cea4f3] min…ine:run_common:getVersions | 1 of 1 ✔
[dd/9c9c46] min…eline:run_common:getParams | 1 of 1 ✔
[a9/4891af] min…eline:minimap (hdz-030-s6) | 0 of 24
[-        ] min…pipeline:getAlignmentStats -
[-        ] min…line:createAbundanceTables -
[-        ] minimap_pipeline:makeReport    -
[-        ] min…pipeline:filter_references -
[-        ] minimap_pipeline:configure_igv -
[1d/01e2eb] min…ipeline:output_results (1) | 1 of 2
Note: Empty files or those files whose reads have been discarded after filtering based on read length and/or read quality will not appear in the report and will be excluded from subsequent analysis.
Minimap2 pipeline.
Preparing databases.
Using default taxonomy database.
Using a default database.

executor >  local (29)
[f2/a0a848] fastcat (20)                   | 24 of 24 ✔
[skipped  ] pre…s:download_unpack_taxonomy | 1 of 1, stored: 1 ✔
[skipped  ] pre…wnload_reference_ref2taxid | 1 of 1, stored: 1 ✔
[c5/cea4f3] min…ine:run_common:getVersions | 1 of 1 ✔
[dd/9c9c46] min…eline:run_common:getParams | 1 of 1 ✔
[a9/4891af] min…eline:minimap (hdz-030-s6) | 1 of 24
[-        ] min…pipeline:getAlignmentStats | 0 of 1
[-        ] min…line:createAbundanceTables -
[-        ] minimap_pipeline:makeReport    -
[-        ] min…pipeline:filter_references -
[-        ] minimap_pipeline:configure_igv -
[1d/01e2eb] min…ipeline:output_results (1) | 1 of 5
Note: Empty files or those files whose reads have been discarded after filtering based on read length and/or read quality will not appear in the report and will be excluded from subsequent analysis.
Minimap2 pipeline.
Preparing databases.
Using default taxonomy database.
Using a default database.

executor >  local (30)
[f2/a0a848] fastcat (20)                   | 24 of 24 ✔
[skipped  ] pre…s:download_unpack_taxonomy | 1 of 1, stored: 1 ✔
[skipped  ] pre…wnload_reference_ref2taxid | 1 of 1, stored: 1 ✔
[c5/cea4f3] min…ine:run_common:getVersions | 1 of 1 ✔
[dd/9c9c46] min…eline:run_common:getParams | 1 of 1 ✔
[4f/134c29] min…line:minimap (hdz-023-s20) | 2 of 24
[-        ] min…pipeline:getAlignmentStats | 0 of 2
[-        ] min…line:createAbundanceTables -
[-        ] minimap_pipeline:makeReport    -
[-        ] min…pipeline:filter_references -
[-        ] minimap_pipeline:configure_igv -
[1d/01e2eb] min…ipeline:output_results (1) | 1 of 8






executor >  local (30)
[f2/a0a848] fastcat (20)                   | 24 of 24 ✔
[skipped  ] pre…s:download_unpack_taxonomy | 1 of 1, stored: 1 ✔
[skipped  ] pre…wnload_reference_ref2taxid | 1 of 1, stored: 1 ✔
[c5/cea4f3] min…ine:run_common:getVersions | 1 of 1 ✔
[dd/9c9c46] min…eline:run_common:getParams | 1 of 1 ✔
[4f/134c29] min…line:minimap (hdz-023-s20) | 2 of 24
[-        ] min…pipeline:getAlignmentStats | 0 of 2
[-        ] min…line:createAbundanceTables -
[-        ] minimap_pipeline:makeReport    -
[-        ] min…pipeline:filter_references -
[-        ] minimap_pipeline:configure_igv -
[1d/01e2eb] min…ipeline:output_results (1) | 1 of 8






executor >  local (31)
[f2/a0a848] fastcat (20)                   | 24 of 24 ✔
[skipped  ] pre…s:download_unpack_taxonomy | 1 of 1, stored: 1 ✔
[skipped  ] pre…wnload_reference_ref2taxid | 1 of 1, stored: 1 ✔
[c5/cea4f3] min…ine:run_common:getVersions | 1 of 1 ✔
[dd/9c9c46] min…eline:run_common:getParams | 1 of 1 ✔
[55/4e2b8a] min…eline:minimap (hdz-063-s1) | 3 of 24
[-        ] min…pipeline:getAlignmentStats | 0 of 3
[-        ] min…line:createAbundanceTables -
[-        ] minimap_pipeline:makeReport    -
[-        ] min…pipeline:filter_references -
[-        ] minimap_pipeline:configure_igv -
[1d/01e2eb] min…ipeline:output_results (1) | 1 of 11

executor >  local (32)
[f2/a0a848] fastcat (20)                   | 24 of 24 ✔
[skipped  ] pre…s:download_unpack_taxonomy | 1 of 1, stored: 1 ✔
[skipped  ] pre…wnload_reference_ref2taxid | 1 of 1, stored: 1 ✔
[c5/cea4f3] min…ine:run_common:getVersions | 1 of 1 ✔
[dd/9c9c46] min…eline:run_common:getParams | 1 of 1 ✔
[19/87b8d1] min…eline:minimap (hdz-064-s2) | 4 of 24
[-        ] min…pipeline:getAlignmentStats | 0 of 4
[-        ] min…line:createAbundanceTables -
[-        ] minimap_pipeline:makeReport    -
[-        ] min…pipeline:filter_references -
[-        ] minimap_pipeline:configure_igv -
[1d/01e2eb] min…ipeline:output_results (1) | 1 of 14

executor >  local (33)
[f2/a0a848] fastcat (20)                   | 24 of 24 ✔
[skipped  ] pre…s:download_unpack_taxonomy | 1 of 1, stored: 1 ✔
[skipped  ] pre…wnload_reference_ref2taxid | 1 of 1, stored: 1 ✔
[c5/cea4f3] min…ine:run_common:getVersions | 1 of 1 ✔
[dd/9c9c46] min…eline:run_common:getParams | 1 of 1 ✔
[fc/e8b53e] min…line:minimap (hdz-005-s11) | 4 of 24
[-        ] min…pipeline:getAlignmentStats | 0 of 4
[-        ] min…line:createAbundanceTables -
[-        ] minimap_pipeline:makeReport    -
[-        ] min…pipeline:filter_references -
[-        ] minimap_pipeline:configure_igv -
[1d/01e2eb] min…ipeline:output_results (1) | 1 of 14

executor >  local (33)
[f2/a0a848] fastcat (20)                   | 24 of 24 ✔
[skipped  ] pre…s:download_unpack_taxonomy | 1 of 1, stored: 1 ✔
[skipped  ] pre…wnload_reference_ref2taxid | 1 of 1, stored: 1 ✔
[c5/cea4f3] min…ine:run_common:getVersions | 1 of 1 ✔
[dd/9c9c46] min…eline:run_common:getParams | 1 of 1 ✔
[f2/83ff31] min…eline:minimap (hdz-067-s9) | 5 of 24
[-        ] min…pipeline:getAlignmentStats | 0 of 5
[-        ] min…line:createAbundanceTables -
[-        ] minimap_pipeline:makeReport    -
[-        ] min…pipeline:filter_references -
[-        ] minimap_pipeline:configure_igv -
[1d/01e2eb] min…ipeline:output_results (1) | 1 of 17

executor >  local (34)
[f2/a0a848] fastcat (20)                   | 24 of 24 ✔
[skipped  ] pre…s:download_unpack_taxonomy | 1 of 1, stored: 1 ✔
[skipped  ] pre…wnload_reference_ref2taxid | 1 of 1, stored: 1 ✔
[c5/cea4f3] min…ine:run_common:getVersions | 1 of 1 ✔
[dd/9c9c46] min…eline:run_common:getParams | 1 of 1 ✔
[fc/e8b53e] min…line:minimap (hdz-005-s11) | 6 of 24
[-        ] min…pipeline:getAlignmentStats | 0 of 6
[-        ] min…line:createAbundanceTables -
[-        ] minimap_pipeline:makeReport    -
[-        ] min…pipeline:filter_references -
[-        ] minimap_pipeline:configure_igv -
[1d/01e2eb] min…ipeline:output_results (1) | 1 of 20

executor >  local (34)
[f2/a0a848] fastcat (20)                   | 24 of 24 ✔
[skipped  ] pre…s:download_unpack_taxonomy | 1 of 1, stored: 1 ✔
[skipped  ] pre…wnload_reference_ref2taxid | 1 of 1, stored: 1 ✔
[c5/cea4f3] min…ine:run_common:getVersions | 1 of 1 ✔
[dd/9c9c46] min…eline:run_common:getParams | 1 of 1 ✔
[fc/e8b53e] min…line:minimap (hdz-005-s11) | 6 of 24
[-        ] min…pipeline:getAlignmentStats | 0 of 6
[-        ] min…line:createAbundanceTables -
[-        ] minimap_pipeline:makeReport    -
[-        ] min…pipeline:filter_references -
[-        ] minimap_pipeline:configure_igv -
[1d/01e2eb] min…ipeline:output_results (1) | 1 of 20

executor >  local (35)
[f2/a0a848] fastcat (20)                   | 24 of 24 ✔
[skipped  ] pre…s:download_unpack_taxonomy | 1 of 1, stored: 1 ✔
[skipped  ] pre…wnload_reference_ref2taxid | 1 of 1, stored: 1 ✔
[c5/cea4f3] min…ine:run_common:getVersions | 1 of 1 ✔
[dd/9c9c46] min…eline:run_common:getParams | 1 of 1 ✔
[c4/a1d3a0] min…line:minimap (hdz-025-s17) | 7 of 24
[-        ] min…pipeline:getAlignmentStats | 0 of 6
[-        ] min…line:createAbundanceTables -
[-        ] minimap_pipeline:makeReport    -
[-        ] min…pipeline:filter_references -
[-        ] minimap_pipeline:configure_igv -
[1d/01e2eb] min…ipeline:output_results (1) | 1 of 23

executor >  local (35)
[f2/a0a848] fastcat (20)                   | 24 of 24 ✔
[skipped  ] pre…s:download_unpack_taxonomy | 1 of 1, stored: 1 ✔
[skipped  ] pre…wnload_reference_ref2taxid | 1 of 1, stored: 1 ✔
[c5/cea4f3] min…ine:run_common:getVersions | 1 of 1 ✔
[dd/9c9c46] min…eline:run_common:getParams | 1 of 1 ✔
[c4/a1d3a0] min…line:minimap (hdz-025-s17) | 7 of 24
[-        ] min…pipeline:getAlignmentStats | 0 of 7
[-        ] min…line:createAbundanceTables -
[-        ] minimap_pipeline:makeReport    -
[-        ] min…pipeline:filter_references -
[-        ] minimap_pipeline:configure_igv -
[1d/01e2eb] min…ipeline:output_results (1) | 1 of 23

executor >  local (36)
[f2/a0a848] fastcat (20)                   | 24 of 24 ✔
[skipped  ] pre…s:download_unpack_taxonomy | 1 of 1, stored: 1 ✔
[skipped  ] pre…wnload_reference_ref2taxid | 1 of 1, stored: 1 ✔
[c5/cea4f3] min…ine:run_common:getVersions | 1 of 1 ✔
[dd/9c9c46] min…eline:run_common:getParams | 1 of 1 ✔
[56/49483d] min…line:minimap (hdz-029-s14) | 8 of 24
[-        ] min…pipeline:getAlignmentStats | 0 of 8
[-        ] min…line:createAbundanceTables -
[-        ] minimap_pipeline:makeReport    -
[-        ] min…pipeline:filter_references -
[-        ] minimap_pipeline:configure_igv -
[1d/01e2eb] min…ipeline:output_results (1) | 1 of 26

executor >  local (36)
[f2/a0a848] fastcat (20)                   | 24 of 24 ✔
[skipped  ] pre…s:download_unpack_taxonomy | 1 of 1, stored: 1 ✔
[skipped  ] pre…wnload_reference_ref2taxid | 1 of 1, stored: 1 ✔
[c5/cea4f3] min…ine:run_common:getVersions | 1 of 1 ✔
[dd/9c9c46] min…eline:run_common:getParams | 1 of 1 ✔
[56/49483d] min…line:minimap (hdz-029-s14) | 8 of 24
[-        ] min…pipeline:getAlignmentStats | 0 of 8
[-        ] min…line:createAbundanceTables -
[-        ] minimap_pipeline:makeReport    -
[-        ] min…pipeline:filter_references -
[-        ] minimap_pipeline:configure_igv -
[1d/01e2eb] min…ipeline:output_results (1) | 1 of 26

executor >  local (37)
[f2/a0a848] fastcat (20)                   | 24 of 24 ✔
[skipped  ] pre…s:download_unpack_taxonomy | 1 of 1, stored: 1 ✔
[skipped  ] pre…wnload_reference_ref2taxid | 1 of 1, stored: 1 ✔
[c5/cea4f3] min…ine:run_common:getVersions | 1 of 1 ✔
[dd/9c9c46] min…eline:run_common:getParams | 1 of 1 ✔
[15/64d201] min…line:minimap (hdz-011-s10) | 9 of 24
[-        ] min…pipeline:getAlignmentStats | 0 of 9
[-        ] min…line:createAbundanceTables -
[-        ] minimap_pipeline:makeReport    -
[-        ] min…pipeline:filter_references -
[-        ] minimap_pipeline:configure_igv -
[1d/01e2eb] min…ipeline:output_results (1) | 1 of 29

executor >  local (38)
[f2/a0a848] fastcat (20)                   | 24 of 24 ✔
[skipped  ] pre…s:download_unpack_taxonomy | 1 of 1, stored: 1 ✔
[skipped  ] pre…wnload_reference_ref2taxid | 1 of 1, stored: 1 ✔
[c5/cea4f3] min…ine:run_common:getVersions | 1 of 1 ✔
[dd/9c9c46] min…eline:run_common:getParams | 1 of 1 ✔
[33/b41200] min…line:minimap (hdz-028-s16) | 10 of 24
[-        ] min…pipeline:getAlignmentStats | 0 of 10
[-        ] min…line:createAbundanceTables -
[-        ] minimap_pipeline:makeReport    -
[-        ] min…pipeline:filter_references -
[-        ] minimap_pipeline:configure_igv -
[1d/01e2eb] min…ipeline:output_results (1) | 1 of 32

executor >  local (39)
[f2/a0a848] fastcat (20)                   | 24 of 24 ✔
[skipped  ] pre…s:download_unpack_taxonomy | 1 of 1, stored: 1 ✔
[skipped  ] pre…wnload_reference_ref2taxid | 1 of 1, stored: 1 ✔
[c5/cea4f3] min…ine:run_common:getVersions | 1 of 1 ✔
[dd/9c9c46] min…eline:run_common:getParams | 1 of 1 ✔
[83/16eaf9] min…eline:minimap (hdz-065-s4) | 11 of 24
[-        ] min…pipeline:getAlignmentStats | 0 of 11
[-        ] min…line:createAbundanceTables -
[-        ] minimap_pipeline:makeReport    -
[-        ] min…pipeline:filter_references -
[-        ] minimap_pipeline:configure_igv -
[1d/01e2eb] min…ipeline:output_results (1) | 1 of 35

executor >  local (39)
[f2/a0a848] fastcat (20)                   | 24 of 24 ✔
[skipped  ] pre…s:download_unpack_taxonomy | 1 of 1, stored: 1 ✔
[skipped  ] pre…wnload_reference_ref2taxid | 1 of 1, stored: 1 ✔
[c5/cea4f3] min…ine:run_common:getVersions | 1 of 1 ✔
[dd/9c9c46] min…eline:run_common:getParams | 1 of 1 ✔
[83/16eaf9] min…eline:minimap (hdz-065-s4) | 11 of 24
[-        ] min…pipeline:getAlignmentStats | 0 of 11
[-        ] min…line:createAbundanceTables -
[-        ] minimap_pipeline:makeReport    -
[-        ] min…pipeline:filter_references -
[-        ] minimap_pipeline:configure_igv -
[1d/01e2eb] min…ipeline:output_results (1) | 1 of 35
